<?xml version="1.0" encoding="utf-8" standalone="no"?>
<!--This file represents the results of running a test suite-->
<test-results name="C:\Users\Cadu\Source\Repos\Selenium\Selenium.Tests\bin\Debug\Selenium.Tests.dll" total="1" errors="0" failures="0" not-run="0" inconclusive="0" ignored="0" skipped="0" invalid="0" date="2018-08-14" time="23:21:24">
  <environment nunit-version="2.6.4.14350" clr-version="2.0.50727.8789" os-version="Microsoft Windows NT 6.1.7601 Service Pack 1" platform="Win32NT" cwd="C:\Program Files (x86)\NUnit 2.6.4\bin" machine-name="CADU-PC" user="Cadu" user-domain="Cadu-PC" />
  <culture-info current-culture="pt-BR" current-uiculture="pt-BR" />
  <test-suite type="Assembly" name="C:\Users\Cadu\Source\Repos\Selenium\Selenium.Tests\bin\Debug\Selenium.Tests.dll" executed="True" result="Success" success="True" time="7.512" asserts="0">
    <results>
      <test-suite type="Namespace" name="Selenium" executed="True" result="Success" success="True" time="7.511" asserts="0">
        <results>
          <test-suite type="Namespace" name="Tests" executed="True" result="Success" success="True" time="7.510" asserts="0">
            <results>
              <test-suite type="Namespace" name="Testes" executed="True" result="Success" success="True" time="7.509" asserts="0">
                <results>
                  <test-suite type="TestFixture" name="UsuarioSystemTest" executed="True" result="Success" success="True" time="7.508" asserts="0">
                    <results>
                      <test-case name="Selenium.Tests.Testes.UsuarioSystemTest.deveExcluirUsuario" executed="True" result="Success" success="True" time="7.506" asserts="2" />
                    </results>
                  </test-suite>
                </results>
              </test-suite>
            </results>
          </test-suite>
        </results>
      </test-suite>
    </results>
  </test-suite>
</test-results>