<?xml version="1.0" encoding="utf-8" standalone="no"?>
<!--This file represents the results of running a test suite-->
<test-results name="C:\Users\Cadu\Source\Repos\Selenium\Selenium.Tests\bin\Debug\Selenium.Tests.dll" total="1" errors="1" failures="0" not-run="0" inconclusive="0" ignored="0" skipped="0" invalid="0" date="2018-08-13" time="23:44:28">
  <environment nunit-version="2.6.4.14350" clr-version="2.0.50727.8789" os-version="Microsoft Windows NT 6.1.7601 Service Pack 1" platform="Win32NT" cwd="C:\Program Files (x86)\NUnit 2.6.4\bin" machine-name="CADU-PC" user="Cadu" user-domain="Cadu-PC" />
  <culture-info current-culture="pt-BR" current-uiculture="pt-BR" />
  <test-suite type="Assembly" name="C:\Users\Cadu\Source\Repos\Selenium\Selenium.Tests\bin\Debug\Selenium.Tests.dll" executed="True" result="Failure" success="False" time="9.208" asserts="0">
    <results>
      <test-suite type="Namespace" name="Selenium" executed="True" result="Failure" success="False" time="9.183" asserts="0">
        <results>
          <test-suite type="Namespace" name="Tests" executed="True" result="Failure" success="False" time="9.180" asserts="0">
            <results>
              <test-suite type="Namespace" name="Testes" executed="True" result="Failure" success="False" time="9.179" asserts="0">
                <results>
                  <test-suite type="TestFixture" name="UsuarioSystemTest" executed="True" result="Failure" success="False" time="9.175" asserts="0">
                    <results>
                      <test-case name="Selenium.Tests.Testes.UsuarioSystemTest.deveCadastrarUsuario" executed="True" result="Error" success="False" time="9.152" asserts="2">
                        <failure>
                          <message><![CDATA[OpenQA.Selenium.WebDriverException : no such session
  (Driver info: chromedriver=2.40.565498 (ea082db3280dd6843ebfb08a625e3eb905c4f5ab),platform=Windows NT 6.1.7601 SP1 x86_64)]]></message>
                          <stack-trace><![CDATA[em OpenQA.Selenium.Remote.RemoteWebDriver.UnpackAndThrowOnError(Response errorResponse)
em OpenQA.Selenium.Remote.RemoteWebDriver.Execute(String driverCommandToExecute, Dictionary`2 parameters)
em OpenQA.Selenium.Remote.RemoteWebDriver.FindElement(String mechanism, String value)
em Selenium.Tests.Testes.UsuarioSystemTest.deveCadastrarUsuario() na C:\Users\Cadu\Source\Repos\Selenium\Selenium.Tests\Testes\UsuarioSystemTest.cs:linha 42
]]></stack-trace>
                        </failure>
                      </test-case>
                    </results>
                  </test-suite>
                </results>
              </test-suite>
            </results>
          </test-suite>
        </results>
      </test-suite>
    </results>
  </test-suite>
</test-results>